{"/Users/josemieles/Documents/BackendWallet/wallet/soap-wallet/src/app.module.ts": {"path":"/Users/josemieles/Documents/BackendWallet/wallet/soap-wallet/src/app.module.ts","statementMap":{"0":{"start":{"line":1,"column":0},"end":{"line":1,"column":40}},"1":{"start":{"line":2,"column":0},"end":{"line":2,"column":50}},"2":{"start":{"line":3,"column":0},"end":{"line":3,"column":58}},"3":{"start":{"line":4,"column":0},"end":{"line":4,"column":67}},"4":{"start":{"line":5,"column":0},"end":{"line":5,"column":55}},"5":{"start":{"line":6,"column":0},"end":{"line":6,"column":48}},"6":{"start":{"line":7,"column":0},"end":{"line":7,"column":67}},"7":{"start":{"line":8,"column":0},"end":{"line":8,"column":55}},"8":{"start":{"line":21,"column":7},"end":{"line":21,"column":null}},"9":{"start":{"line":21,"column":13},"end":{"line":21,"column":22}},"10":{"start":{"line":21,"column":13},"end":{"line":21,"column":null}}},"fnMap":{},"branchMap":{"0":{"loc":{"start":{"line":12,"column":27},"end":{"line":12,"column":91}},"type":"binary-expr","locations":[{"start":{"line":12,"column":27},"end":{"line":12,"column":48}},{"start":{"line":12,"column":52},"end":{"line":12,"column":91}}]}},"s":{"0":0,"1":0,"2":0,"3":0,"4":0,"5":0,"6":0,"7":0,"8":0,"9":0,"10":0},"f":{},"b":{"0":[0,0]}}
,"/Users/josemieles/Documents/BackendWallet/wallet/soap-wallet/src/main.ts": {"path":"/Users/josemieles/Documents/BackendWallet/wallet/soap-wallet/src/main.ts","statementMap":{"0":{"start":{"line":1,"column":0},"end":{"line":1,"column":43}},"1":{"start":{"line":2,"column":0},"end":{"line":2,"column":41}},"2":{"start":{"line":3,"column":0},"end":{"line":3,"column":48}},"3":{"start":{"line":6,"column":14},"end":{"line":6,"column":67}},"4":{"start":{"line":7,"column":21},"end":{"line":7,"column":40}},"5":{"start":{"line":8,"column":2},"end":{"line":8,"column":33}},"6":{"start":{"line":11,"column":0},"end":{"line":11,"column":12}}},"fnMap":{"0":{"name":"bootstrap","decl":{"start":{"line":5,"column":15},"end":{"line":5,"column":24}},"loc":{"start":{"line":5,"column":24},"end":{"line":9,"column":1}}}},"branchMap":{},"s":{"0":0,"1":0,"2":0,"3":0,"4":0,"5":0,"6":0},"f":{"0":0},"b":{}}
,"/Users/josemieles/Documents/BackendWallet/wallet/soap-wallet/src/config/database.config.ts": {"path":"/Users/josemieles/Documents/BackendWallet/wallet/soap-wallet/src/config/database.config.ts","statementMap":{"0":{"start":{"line":1,"column":0},"end":{"line":1,"column":50}},"1":{"start":{"line":2,"column":0},"end":{"line":2,"column":33}},"2":{"start":{"line":4,"column":0},"end":{"line":4,"column":16}},"3":{"start":{"line":6,"column":13},"end":{"line":6,"column":119}}},"fnMap":{},"branchMap":{"0":{"loc":{"start":{"line":6,"column":53},"end":{"line":6,"column":117}},"type":"binary-expr","locations":[{"start":{"line":6,"column":53},"end":{"line":6,"column":74}},{"start":{"line":6,"column":78},"end":{"line":6,"column":117}}]}},"s":{"0":0,"1":0,"2":0,"3":0},"f":{},"b":{"0":[0,0]}}
,"/Users/josemieles/Documents/BackendWallet/wallet/soap-wallet/src/controllers/client.controller.ts": {"path":"/Users/josemieles/Documents/BackendWallet/wallet/soap-wallet/src/controllers/client.controller.ts","statementMap":{"0":{"start":{"line":1,"column":0},"end":{"line":1,"column":44}},"1":{"start":{"line":2,"column":0},"end":{"line":2,"column":59}},"2":{"start":{"line":5,"column":7},"end":{"line":11,"column":null}},"3":{"start":{"line":6,"column":31},"end":{"line":6,"column":46}},"4":{"start":{"line":9,"column":4},"end":{"line":9,"column":51}},"5":{"start":{"line":5,"column":13},"end":{"line":5,"column":29}},"6":{"start":{"line":5,"column":13},"end":{"line":11,"column":null}}},"fnMap":{"0":{"name":"(anonymous_2)","decl":{"start":{"line":6,"column":2},"end":{"line":6,"column":31}},"loc":{"start":{"line":6,"column":59},"end":{"line":6,"column":63}}},"1":{"name":"(anonymous_3)","decl":{"start":{"line":8,"column":2},"end":{"line":8,"column":7}},"loc":{"start":{"line":8,"column":93},"end":{"line":10,"column":3}}}},"branchMap":{},"s":{"0":0,"1":0,"2":0,"3":0,"4":0,"5":0,"6":0},"f":{"0":0,"1":0},"b":{}}
,"/Users/josemieles/Documents/BackendWallet/wallet/soap-wallet/src/controllers/wallet.controller.ts": {"path":"/Users/josemieles/Documents/BackendWallet/wallet/soap-wallet/src/controllers/wallet.controller.ts","statementMap":{"0":{"start":{"line":1,"column":0},"end":{"line":1,"column":44}},"1":{"start":{"line":2,"column":0},"end":{"line":2,"column":59}},"2":{"start":{"line":5,"column":7},"end":{"line":16,"column":null}},"3":{"start":{"line":6,"column":31},"end":{"line":6,"column":46}},"4":{"start":{"line":9,"column":4},"end":{"line":9,"column":49}},"5":{"start":{"line":13,"column":4},"end":{"line":13,"column":51}},"6":{"start":{"line":5,"column":13},"end":{"line":5,"column":29}},"7":{"start":{"line":5,"column":13},"end":{"line":16,"column":null}}},"fnMap":{"0":{"name":"(anonymous_2)","decl":{"start":{"line":6,"column":2},"end":{"line":6,"column":31}},"loc":{"start":{"line":6,"column":59},"end":{"line":6,"column":63}}},"1":{"name":"(anonymous_3)","decl":{"start":{"line":8,"column":2},"end":{"line":8,"column":7}},"loc":{"start":{"line":8,"column":64},"end":{"line":10,"column":3}}},"2":{"name":"(anonymous_4)","decl":{"start":{"line":12,"column":2},"end":{"line":12,"column":7}},"loc":{"start":{"line":12,"column":80},"end":{"line":14,"column":3}}}},"branchMap":{},"s":{"0":0,"1":0,"2":0,"3":0,"4":0,"5":0,"6":0,"7":0},"f":{"0":0,"1":0,"2":0},"b":{}}
,"/Users/josemieles/Documents/BackendWallet/wallet/soap-wallet/src/models/client.model.ts": {"path":"/Users/josemieles/Documents/BackendWallet/wallet/soap-wallet/src/models/client.model.ts","statementMap":{"0":{"start":{"line":1,"column":0},"end":{"line":1,"column":63}},"1":{"start":{"line":2,"column":0},"end":{"line":2,"column":36}},"2":{"start":{"line":5,"column":7},"end":{"line":26,"column":null}},"3":{"start":{"line":5,"column":13},"end":{"line":5,"column":19}},"4":{"start":{"line":7,"column":2},"end":{"line":7,"column":null}},"5":{"start":{"line":10,"column":2},"end":{"line":10,"column":null}},"6":{"start":{"line":13,"column":2},"end":{"line":13,"column":null}},"7":{"start":{"line":16,"column":2},"end":{"line":16,"column":null}},"8":{"start":{"line":19,"column":2},"end":{"line":19,"column":null}},"9":{"start":{"line":22,"column":2},"end":{"line":22,"column":null}},"10":{"start":{"line":25,"column":2},"end":{"line":25,"column":null}},"11":{"start":{"line":5,"column":13},"end":{"line":26,"column":null}},"12":{"start":{"line":28,"column":13},"end":{"line":28,"column":65}}},"fnMap":{},"branchMap":{},"s":{"0":3,"1":3,"2":3,"3":3,"4":3,"5":3,"6":3,"7":3,"8":3,"9":3,"10":3,"11":3,"12":3},"f":{},"b":{}}
,"/Users/josemieles/Documents/BackendWallet/wallet/soap-wallet/src/models/wallet.model.ts": {"path":"/Users/josemieles/Documents/BackendWallet/wallet/soap-wallet/src/models/wallet.model.ts","statementMap":{"0":{"start":{"line":1,"column":0},"end":{"line":1,"column":63}},"1":{"start":{"line":2,"column":0},"end":{"line":2,"column":43}},"2":{"start":{"line":5,"column":7},"end":{"line":12,"column":null}},"3":{"start":{"line":5,"column":13},"end":{"line":5,"column":19}},"4":{"start":{"line":7,"column":2},"end":{"line":7,"column":null}},"5":{"start":{"line":10,"column":2},"end":{"line":10,"column":null}},"6":{"start":{"line":5,"column":13},"end":{"line":12,"column":null}},"7":{"start":{"line":14,"column":13},"end":{"line":14,"column":65}}},"fnMap":{},"branchMap":{},"s":{"0":2,"1":2,"2":2,"3":2,"4":2,"5":2,"6":2,"7":2},"f":{},"b":{}}
,"/Users/josemieles/Documents/BackendWallet/wallet/soap-wallet/src/modules/client.module.ts": {"path":"/Users/josemieles/Documents/BackendWallet/wallet/soap-wallet/src/modules/client.module.ts","statementMap":{"0":{"start":{"line":1,"column":0},"end":{"line":1,"column":40}},"1":{"start":{"line":2,"column":0},"end":{"line":2,"column":50}},"2":{"start":{"line":3,"column":0},"end":{"line":3,"column":59}},"3":{"start":{"line":4,"column":0},"end":{"line":4,"column":68}},"4":{"start":{"line":5,"column":0},"end":{"line":5,"column":62}},"5":{"start":{"line":6,"column":0},"end":{"line":6,"column":69}},"6":{"start":{"line":16,"column":7},"end":{"line":16,"column":null}},"7":{"start":{"line":16,"column":13},"end":{"line":16,"column":25}},"8":{"start":{"line":16,"column":13},"end":{"line":16,"column":null}}},"fnMap":{},"branchMap":{},"s":{"0":0,"1":0,"2":0,"3":0,"4":0,"5":0,"6":0,"7":0,"8":0},"f":{},"b":{}}
,"/Users/josemieles/Documents/BackendWallet/wallet/soap-wallet/src/modules/wallet.module.ts": {"path":"/Users/josemieles/Documents/BackendWallet/wallet/soap-wallet/src/modules/wallet.module.ts","statementMap":{"0":{"start":{"line":1,"column":0},"end":{"line":1,"column":40}},"1":{"start":{"line":2,"column":0},"end":{"line":2,"column":50}},"2":{"start":{"line":3,"column":0},"end":{"line":3,"column":59}},"3":{"start":{"line":4,"column":0},"end":{"line":4,"column":69}},"4":{"start":{"line":5,"column":0},"end":{"line":5,"column":68}},"5":{"start":{"line":6,"column":0},"end":{"line":6,"column":62}},"6":{"start":{"line":7,"column":0},"end":{"line":7,"column":47}},"7":{"start":{"line":18,"column":7},"end":{"line":18,"column":null}},"8":{"start":{"line":18,"column":13},"end":{"line":18,"column":25}},"9":{"start":{"line":18,"column":13},"end":{"line":18,"column":null}}},"fnMap":{},"branchMap":{},"s":{"0":0,"1":0,"2":0,"3":0,"4":0,"5":0,"6":0,"7":0,"8":0,"9":0},"f":{},"b":{}}
,"/Users/josemieles/Documents/BackendWallet/wallet/soap-wallet/src/repositories/client.repository.ts": {"path":"/Users/josemieles/Documents/BackendWallet/wallet/soap-wallet/src/repositories/client.repository.ts","statementMap":{"0":{"start":{"line":1,"column":0},"end":{"line":1,"column":44}},"1":{"start":{"line":2,"column":0},"end":{"line":2,"column":47}},"2":{"start":{"line":3,"column":0},"end":{"line":3,"column":33}},"3":{"start":{"line":4,"column":0},"end":{"line":4,"column":48}},"4":{"start":{"line":7,"column":7},"end":{"line":43,"column":null}},"5":{"start":{"line":8,"column":48},"end":{"line":8,"column":61}},"6":{"start":{"line":11,"column":4},"end":{"line":11,"column":47}},"7":{"start":{"line":15,"column":4},"end":{"line":15,"column":57}},"8":{"start":{"line":19,"column":4},"end":{"line":19,"column":54}},"9":{"start":{"line":23,"column":4},"end":{"line":23,"column":54}},"10":{"start":{"line":27,"column":4},"end":{"line":27,"column":64}},"11":{"start":{"line":31,"column":4},"end":{"line":37,"column":14}},"12":{"start":{"line":41,"column":4},"end":{"line":41,"column":59}},"13":{"start":{"line":7,"column":13},"end":{"line":7,"column":29}},"14":{"start":{"line":7,"column":13},"end":{"line":43,"column":null}}},"fnMap":{"0":{"name":"(anonymous_4)","decl":{"start":{"line":8,"column":2},"end":{"line":8,"column":15}},"loc":{"start":{"line":8,"column":74},"end":{"line":8,"column":78}}},"1":{"name":"(anonymous_5)","decl":{"start":{"line":10,"column":2},"end":{"line":10,"column":7}},"loc":{"start":{"line":10,"column":42},"end":{"line":12,"column":3}}},"2":{"name":"(anonymous_6)","decl":{"start":{"line":14,"column":2},"end":{"line":14,"column":7}},"loc":{"start":{"line":14,"column":39},"end":{"line":16,"column":3}}},"3":{"name":"(anonymous_7)","decl":{"start":{"line":18,"column":2},"end":{"line":18,"column":7}},"loc":{"start":{"line":18,"column":33},"end":{"line":20,"column":3}}},"4":{"name":"(anonymous_8)","decl":{"start":{"line":22,"column":2},"end":{"line":22,"column":7}},"loc":{"start":{"line":22,"column":33},"end":{"line":24,"column":3}}},"5":{"name":"(anonymous_9)","decl":{"start":{"line":26,"column":2},"end":{"line":26,"column":7}},"loc":{"start":{"line":26,"column":62},"end":{"line":28,"column":3}}},"6":{"name":"(anonymous_10)","decl":{"start":{"line":30,"column":2},"end":{"line":30,"column":7}},"loc":{"start":{"line":30,"column":96},"end":{"line":38,"column":3}}},"7":{"name":"(anonymous_11)","decl":{"start":{"line":40,"column":2},"end":{"line":40,"column":7}},"loc":{"start":{"line":40,"column":42},"end":{"line":42,"column":3}}}},"branchMap":{"0":{"loc":{"start":{"line":31,"column":11},"end":{"line":37,"column":13}},"type":"binary-expr","locations":[{"start":{"line":32,"column":6},"end":{"line":35,"column":null}},{"start":{"line":37,"column":9},"end":{"line":37,"column":13}}]}},"s":{"0":3,"1":3,"2":3,"3":3,"4":3,"5":7,"6":1,"7":1,"8":1,"9":1,"10":1,"11":1,"12":1,"13":3,"14":3},"f":{"0":7,"1":1,"2":1,"3":1,"4":1,"5":1,"6":1,"7":1},"b":{"0":[1,0]}}
,"/Users/josemieles/Documents/BackendWallet/wallet/soap-wallet/src/repositories/wallet.repository.ts": {"path":"/Users/josemieles/Documents/BackendWallet/wallet/soap-wallet/src/repositories/wallet.repository.ts","statementMap":{"0":{"start":{"line":1,"column":0},"end":{"line":1,"column":44}},"1":{"start":{"line":2,"column":0},"end":{"line":2,"column":47}},"2":{"start":{"line":3,"column":0},"end":{"line":3,"column":33}},"3":{"start":{"line":4,"column":0},"end":{"line":4,"column":48}},"4":{"start":{"line":7,"column":7},"end":{"line":29,"column":null}},"5":{"start":{"line":8,"column":48},"end":{"line":8,"column":61}},"6":{"start":{"line":11,"column":4},"end":{"line":11,"column":49}},"7":{"start":{"line":15,"column":4},"end":{"line":15,"column":38}},"8":{"start":{"line":16,"column":19},"end":{"line":16,"column":73}},"9":{"start":{"line":17,"column":4},"end":{"line":17,"column":35}},"10":{"start":{"line":18,"column":4},"end":{"line":20,"column":5}},"11":{"start":{"line":19,"column":6},"end":{"line":19,"column":18}},"12":{"start":{"line":22,"column":4},"end":{"line":22,"column":115}},"13":{"start":{"line":26,"column":4},"end":{"line":26,"column":57}},"14":{"start":{"line":7,"column":13},"end":{"line":7,"column":29}},"15":{"start":{"line":7,"column":13},"end":{"line":29,"column":null}}},"fnMap":{"0":{"name":"(anonymous_4)","decl":{"start":{"line":8,"column":2},"end":{"line":8,"column":15}},"loc":{"start":{"line":8,"column":74},"end":{"line":8,"column":78}}},"1":{"name":"(anonymous_5)","decl":{"start":{"line":10,"column":2},"end":{"line":10,"column":7}},"loc":{"start":{"line":10,"column":31},"end":{"line":12,"column":3}}},"2":{"name":"(anonymous_6)","decl":{"start":{"line":14,"column":2},"end":{"line":14,"column":7}},"loc":{"start":{"line":14,"column":54},"end":{"line":23,"column":3}}},"3":{"name":"(anonymous_7)","decl":{"start":{"line":25,"column":2},"end":{"line":25,"column":7}},"loc":{"start":{"line":25,"column":39},"end":{"line":27,"column":3}}}},"branchMap":{"0":{"loc":{"start":{"line":18,"column":4},"end":{"line":20,"column":5}},"type":"if","locations":[{"start":{"line":18,"column":4},"end":{"line":20,"column":5}}]}},"s":{"0":2,"1":2,"2":2,"3":2,"4":2,"5":3,"6":1,"7":1,"8":1,"9":1,"10":1,"11":0,"12":1,"13":1,"14":2,"15":2},"f":{"0":3,"1":1,"2":1,"3":1},"b":{"0":[0]}}
,"/Users/josemieles/Documents/BackendWallet/wallet/soap-wallet/src/services/client.service.ts": {"path":"/Users/josemieles/Documents/BackendWallet/wallet/soap-wallet/src/services/client.service.ts","statementMap":{"0":{"start":{"line":1,"column":0},"end":{"line":1,"column":44}},"1":{"start":{"line":2,"column":0},"end":{"line":2,"column":69}},"2":{"start":{"line":5,"column":7},"end":{"line":61,"column":null}},"3":{"start":{"line":6,"column":31},"end":{"line":6,"column":49}},"4":{"start":{"line":9,"column":4},"end":{"line":15,"column":5}},"5":{"start":{"line":10,"column":6},"end":{"line":14,"column":8}},"6":{"start":{"line":17,"column":37},"end":{"line":17,"column":94}},"7":{"start":{"line":18,"column":4},"end":{"line":24,"column":5}},"8":{"start":{"line":19,"column":6},"end":{"line":23,"column":8}},"9":{"start":{"line":26,"column":34},"end":{"line":26,"column":85}},"10":{"start":{"line":27,"column":4},"end":{"line":33,"column":5}},"11":{"start":{"line":28,"column":6},"end":{"line":32,"column":8}},"12":{"start":{"line":35,"column":34},"end":{"line":35,"column":85}},"13":{"start":{"line":36,"column":4},"end":{"line":42,"column":5}},"14":{"start":{"line":37,"column":6},"end":{"line":41,"column":8}},"15":{"start":{"line":44,"column":24},"end":{"line":44,"column":64}},"16":{"start":{"line":46,"column":23},"end":{"line":51,"column":6}},"17":{"start":{"line":53,"column":4},"end":{"line":59,"column":6}},"18":{"start":{"line":5,"column":13},"end":{"line":5,"column":26}},"19":{"start":{"line":5,"column":13},"end":{"line":61,"column":null}}},"fnMap":{"0":{"name":"(anonymous_2)","decl":{"start":{"line":6,"column":2},"end":{"line":6,"column":31}},"loc":{"start":{"line":6,"column":65},"end":{"line":6,"column":69}}},"1":{"name":"(anonymous_3)","decl":{"start":{"line":8,"column":2},"end":{"line":8,"column":7}},"loc":{"start":{"line":8,"column":93},"end":{"line":60,"column":3}}}},"branchMap":{"0":{"loc":{"start":{"line":9,"column":4},"end":{"line":15,"column":5}},"type":"if","locations":[{"start":{"line":9,"column":4},"end":{"line":15,"column":5}}]},"1":{"loc":{"start":{"line":9,"column":8},"end":{"line":9,"column":66}},"type":"binary-expr","locations":[{"start":{"line":9,"column":8},"end":{"line":9,"column":22}},{"start":{"line":9,"column":26},"end":{"line":9,"column":36}},{"start":{"line":9,"column":40},"end":{"line":9,"column":51}},{"start":{"line":9,"column":55},"end":{"line":9,"column":66}}]},"2":{"loc":{"start":{"line":18,"column":4},"end":{"line":24,"column":5}},"type":"if","locations":[{"start":{"line":18,"column":4},"end":{"line":24,"column":5}}]},"3":{"loc":{"start":{"line":27,"column":4},"end":{"line":33,"column":5}},"type":"if","locations":[{"start":{"line":27,"column":4},"end":{"line":33,"column":5}}]},"4":{"loc":{"start":{"line":36,"column":4},"end":{"line":42,"column":5}},"type":"if","locations":[{"start":{"line":36,"column":4},"end":{"line":42,"column":5}}]}},"s":{"0":1,"1":1,"2":1,"3":2,"4":2,"5":0,"6":2,"7":2,"8":1,"9":1,"10":1,"11":0,"12":1,"13":1,"14":0,"15":1,"16":1,"17":1,"18":1,"19":1},"f":{"0":2,"1":2},"b":{"0":[0],"1":[2,2,2,2],"2":[1],"3":[0],"4":[0]}}
,"/Users/josemieles/Documents/BackendWallet/wallet/soap-wallet/src/services/wallet.service.ts": {"path":"/Users/josemieles/Documents/BackendWallet/wallet/soap-wallet/src/services/wallet.service.ts","statementMap":{"0":{"start":{"line":1,"column":0},"end":{"line":1,"column":44}},"1":{"start":{"line":2,"column":0},"end":{"line":2,"column":35}},"2":{"start":{"line":3,"column":0},"end":{"line":3,"column":69}},"3":{"start":{"line":4,"column":0},"end":{"line":4,"column":69}},"4":{"start":{"line":5,"column":19},"end":{"line":5,"column":40}},"5":{"start":{"line":6,"column":21},"end":{"line":6,"column":39}},"6":{"start":{"line":9,"column":7},"end":{"line":156,"column":null}},"7":{"start":{"line":11,"column":21},"end":{"line":11,"column":39}},"8":{"start":{"line":11,"column":74},"end":{"line":11,"column":92}},"9":{"start":{"line":15,"column":21},"end":{"line":15,"column":49}},"10":{"start":{"line":17,"column":27},"end":{"line":17,"column":79}},"11":{"start":{"line":18,"column":4},"end":{"line":20,"column":5}},"12":{"start":{"line":19,"column":6},"end":{"line":19,"column":90}},"13":{"start":{"line":22,"column":19},"end":{"line":22,"column":63}},"14":{"start":{"line":23,"column":4},"end":{"line":31,"column":6}},"15":{"start":{"line":35,"column":19},"end":{"line":35,"column":76}},"16":{"start":{"line":36,"column":4},"end":{"line":36,"column":47}},"17":{"start":{"line":38,"column":4},"end":{"line":40,"column":5}},"18":{"start":{"line":39,"column":6},"end":{"line":39,"column":115}},"19":{"start":{"line":42,"column":19},"end":{"line":42,"column":84}},"20":{"start":{"line":43,"column":4},"end":{"line":43,"column":50}},"21":{"start":{"line":45,"column":4},"end":{"line":52,"column":6}},"22":{"start":{"line":56,"column":19},"end":{"line":56,"column":96}},"23":{"start":{"line":58,"column":4},"end":{"line":60,"column":5}},"24":{"start":{"line":59,"column":6},"end":{"line":59,"column":129}},"25":{"start":{"line":62,"column":19},"end":{"line":62,"column":72}},"26":{"start":{"line":64,"column":4},"end":{"line":66,"column":5}},"27":{"start":{"line":65,"column":6},"end":{"line":65,"column":86}},"28":{"start":{"line":68,"column":18},"end":{"line":68,"column":43}},"29":{"start":{"line":69,"column":23},"end":{"line":69,"column":52}},"30":{"start":{"line":71,"column":4},"end":{"line":71,"column":101}},"31":{"start":{"line":73,"column":4},"end":{"line":73,"column":null}},"32":{"start":{"line":74,"column":24},"end":{"line":84,"column":6}},"33":{"start":{"line":86,"column":24},"end":{"line":91,"column":6}},"34":{"start":{"line":93,"column":4},"end":{"line":99,"column":7}},"35":{"start":{"line":94,"column":6},"end":{"line":98,"column":7}},"36":{"start":{"line":95,"column":8},"end":{"line":95,"column":29}},"37":{"start":{"line":97,"column":8},"end":{"line":97,"column":56}},"38":{"start":{"line":101,"column":4},"end":{"line":106,"column":6}},"39":{"start":{"line":111,"column":20},"end":{"line":111,"column":80}},"40":{"start":{"line":113,"column":4},"end":{"line":115,"column":5}},"41":{"start":{"line":114,"column":6},"end":{"line":114,"column":88}},"42":{"start":{"line":116,"column":4},"end":{"line":116,"column":48}},"43":{"start":{"line":118,"column":4},"end":{"line":120,"column":5}},"44":{"start":{"line":119,"column":6},"end":{"line":119,"column":84}},"45":{"start":{"line":122,"column":4},"end":{"line":122,"column":75}},"46":{"start":{"line":124,"column":4},"end":{"line":124,"column":76}},"47":{"start":{"line":126,"column":4},"end":{"line":131,"column":6}},"48":{"start":{"line":135,"column":19},"end":{"line":135,"column":76}},"49":{"start":{"line":137,"column":4},"end":{"line":139,"column":5}},"50":{"start":{"line":138,"column":6},"end":{"line":138,"column":115}},"51":{"start":{"line":141,"column":19},"end":{"line":141,"column":72}},"52":{"start":{"line":143,"column":4},"end":{"line":145,"column":5}},"53":{"start":{"line":144,"column":6},"end":{"line":144,"column":91}},"54":{"start":{"line":147,"column":4},"end":{"line":154,"column":6}},"55":{"start":{"line":9,"column":13},"end":{"line":9,"column":26}},"56":{"start":{"line":9,"column":13},"end":{"line":156,"column":null}}},"fnMap":{"0":{"name":"(anonymous_2)","decl":{"start":{"line":10,"column":2},"end":{"line":10,"column":null}},"loc":{"start":{"line":11,"column":108},"end":{"line":12,"column":7}}},"1":{"name":"(anonymous_3)","decl":{"start":{"line":14,"column":2},"end":{"line":14,"column":7}},"loc":{"start":{"line":14,"column":64},"end":{"line":32,"column":1}}},"2":{"name":"(anonymous_4)","decl":{"start":{"line":34,"column":2},"end":{"line":34,"column":7}},"loc":{"start":{"line":34,"column":80},"end":{"line":53,"column":3}}},"3":{"name":"(anonymous_5)","decl":{"start":{"line":55,"column":2},"end":{"line":55,"column":7}},"loc":{"start":{"line":55,"column":69},"end":{"line":107,"column":3}}},"4":{"name":"(anonymous_6)","decl":{"start":{"line":93,"column":44},"end":{"line":93,"column":45}},"loc":{"start":{"line":93,"column":60},"end":{"line":99,"column":5}}},"5":{"name":"(anonymous_7)","decl":{"start":{"line":109,"column":2},"end":{"line":109,"column":7}},"loc":{"start":{"line":109,"column":66},"end":{"line":132,"column":3}}},"6":{"name":"(anonymous_8)","decl":{"start":{"line":134,"column":2},"end":{"line":134,"column":7}},"loc":{"start":{"line":134,"column":62},"end":{"line":155,"column":3}}}},"branchMap":{"0":{"loc":{"start":{"line":18,"column":4},"end":{"line":20,"column":5}},"type":"if","locations":[{"start":{"line":18,"column":4},"end":{"line":20,"column":5}}]},"1":{"loc":{"start":{"line":38,"column":4},"end":{"line":40,"column":5}},"type":"if","locations":[{"start":{"line":38,"column":4},"end":{"line":40,"column":5}}]},"2":{"loc":{"start":{"line":38,"column":8},"end":{"line":38,"column":46}},"type":"binary-expr","locations":[{"start":{"line":38,"column":8},"end":{"line":38,"column":15}},{"start":{"line":38,"column":19},"end":{"line":38,"column":46}}]},"3":{"loc":{"start":{"line":58,"column":4},"end":{"line":60,"column":5}},"type":"if","locations":[{"start":{"line":58,"column":4},"end":{"line":60,"column":5}}]},"4":{"loc":{"start":{"line":58,"column":8},"end":{"line":58,"column":46}},"type":"binary-expr","locations":[{"start":{"line":58,"column":8},"end":{"line":58,"column":15}},{"start":{"line":58,"column":19},"end":{"line":58,"column":46}}]},"5":{"loc":{"start":{"line":64,"column":4},"end":{"line":66,"column":5}},"type":"if","locations":[{"start":{"line":64,"column":4},"end":{"line":66,"column":5}}]},"6":{"loc":{"start":{"line":64,"column":8},"end":{"line":64,"column":47}},"type":"binary-expr","locations":[{"start":{"line":64,"column":8},"end":{"line":64,"column":15}},{"start":{"line":64,"column":19},"end":{"line":64,"column":47}}]},"7":{"loc":{"start":{"line":94,"column":6},"end":{"line":98,"column":7}},"type":"if","locations":[{"start":{"line":94,"column":6},"end":{"line":98,"column":7}},{"start":{"line":96,"column":13},"end":{"line":98,"column":7}}]},"8":{"loc":{"start":{"line":113,"column":4},"end":{"line":115,"column":5}},"type":"if","locations":[{"start":{"line":113,"column":4},"end":{"line":115,"column":5}}]},"9":{"loc":{"start":{"line":118,"column":4},"end":{"line":120,"column":5}},"type":"if","locations":[{"start":{"line":118,"column":4},"end":{"line":120,"column":5}}]},"10":{"loc":{"start":{"line":137,"column":4},"end":{"line":139,"column":5}},"type":"if","locations":[{"start":{"line":137,"column":4},"end":{"line":139,"column":5}}]},"11":{"loc":{"start":{"line":137,"column":8},"end":{"line":137,"column":46}},"type":"binary-expr","locations":[{"start":{"line":137,"column":8},"end":{"line":137,"column":15}},{"start":{"line":137,"column":19},"end":{"line":137,"column":46}}]},"12":{"loc":{"start":{"line":143,"column":4},"end":{"line":145,"column":5}},"type":"if","locations":[{"start":{"line":143,"column":4},"end":{"line":145,"column":5}}]}},"s":{"0":1,"1":1,"2":1,"3":1,"4":1,"5":1,"6":1,"7":10,"8":10,"9":2,"10":2,"11":2,"12":1,"13":1,"14":1,"15":2,"16":2,"17":2,"18":1,"19":1,"20":1,"21":1,"22":2,"23":2,"24":0,"25":2,"26":2,"27":1,"28":1,"29":1,"30":1,"31":1,"32":1,"33":1,"34":1,"35":1,"36":0,"37":1,"38":1,"39":2,"40":2,"41":0,"42":2,"43":2,"44":1,"45":1,"46":1,"47":1,"48":2,"49":2,"50":1,"51":1,"52":1,"53":0,"54":1,"55":1,"56":1},"f":{"0":10,"1":2,"2":2,"3":2,"4":1,"5":2,"6":2},"b":{"0":[1],"1":[1],"2":[2,1],"3":[0],"4":[2,2],"5":[1],"6":[2,2],"7":[0,1],"8":[0],"9":[1],"10":[1],"11":[2,1],"12":[0]}}
,"/Users/josemieles/Documents/BackendWallet/wallet/soap-wallet/src/soap/soap.server.ts": {"path":"/Users/josemieles/Documents/BackendWallet/wallet/soap-wallet/src/soap/soap.server.ts","statementMap":{"0":{"start":{"line":1,"column":0},"end":{"line":1,"column":44}},"1":{"start":{"line":2,"column":0},"end":{"line":2,"column":29}},"2":{"start":{"line":3,"column":0},"end":{"line":3,"column":29}},"3":{"start":{"line":4,"column":0},"end":{"line":4,"column":59}},"4":{"start":{"line":5,"column":0},"end":{"line":5,"column":59}},"5":{"start":{"line":6,"column":0},"end":{"line":6,"column":35}},"6":{"start":{"line":9,"column":7},"end":{"line":160,"column":null}},"7":{"start":{"line":11,"column":21},"end":{"line":11,"column":36}},"8":{"start":{"line":12,"column":21},"end":{"line":12,"column":36}},"9":{"start":{"line":16,"column":20},"end":{"line":153,"column":6}},"10":{"start":{"line":20,"column":12},"end":{"line":53,"column":13}},"11":{"start":{"line":21,"column":37},"end":{"line":21,"column":82}},"12":{"start":{"line":23,"column":14},"end":{"line":25,"column":15}},"13":{"start":{"line":24,"column":16},"end":{"line":24,"column":54}},"14":{"start":{"line":27,"column":14},"end":{"line":27,"column":65}},"15":{"start":{"line":29,"column":37},"end":{"line":32,"column":16}},"16":{"start":{"line":34,"column":14},"end":{"line":36,"column":15}},"17":{"start":{"line":35,"column":16},"end":{"line":35,"column":54}},"18":{"start":{"line":38,"column":14},"end":{"line":45,"column":17}},"19":{"start":{"line":47,"column":14},"end":{"line":47,"column":50}},"20":{"start":{"line":48,"column":14},"end":{"line":52,"column":17}},"21":{"start":{"line":57,"column":12},"end":{"line":78,"column":13}},"22":{"start":{"line":58,"column":14},"end":{"line":58,"column":74}},"23":{"start":{"line":59,"column":31},"end":{"line":59,"column":76}},"24":{"start":{"line":61,"column":14},"end":{"line":63,"column":15}},"25":{"start":{"line":62,"column":16},"end":{"line":62,"column":48}},"26":{"start":{"line":65,"column":14},"end":{"line":70,"column":17}},"27":{"start":{"line":72,"column":14},"end":{"line":72,"column":50}},"28":{"start":{"line":73,"column":14},"end":{"line":77,"column":17}},"29":{"start":{"line":81,"column":12},"end":{"line":102,"column":13}},"30":{"start":{"line":82,"column":14},"end":{"line":82,"column":58}},"31":{"start":{"line":83,"column":31},"end":{"line":83,"column":65}},"32":{"start":{"line":85,"column":14},"end":{"line":87,"column":15}},"33":{"start":{"line":86,"column":16},"end":{"line":86,"column":48}},"34":{"start":{"line":89,"column":14},"end":{"line":94,"column":17}},"35":{"start":{"line":96,"column":14},"end":{"line":96,"column":50}},"36":{"start":{"line":97,"column":14},"end":{"line":101,"column":17}},"37":{"start":{"line":105,"column":12},"end":{"line":125,"column":13}},"38":{"start":{"line":106,"column":14},"end":{"line":106,"column":74}},"39":{"start":{"line":107,"column":31},"end":{"line":107,"column":76}},"40":{"start":{"line":109,"column":14},"end":{"line":111,"column":15}},"41":{"start":{"line":110,"column":16},"end":{"line":110,"column":48}},"42":{"start":{"line":113,"column":14},"end":{"line":117,"column":17}},"43":{"start":{"line":119,"column":14},"end":{"line":119,"column":50}},"44":{"start":{"line":120,"column":14},"end":{"line":124,"column":17}},"45":{"start":{"line":128,"column":12},"end":{"line":149,"column":13}},"46":{"start":{"line":129,"column":14},"end":{"line":129,"column":71}},"47":{"start":{"line":130,"column":31},"end":{"line":130,"column":74}},"48":{"start":{"line":132,"column":14},"end":{"line":134,"column":15}},"49":{"start":{"line":133,"column":16},"end":{"line":133,"column":48}},"50":{"start":{"line":136,"column":14},"end":{"line":141,"column":17}},"51":{"start":{"line":143,"column":14},"end":{"line":143,"column":50}},"52":{"start":{"line":144,"column":14},"end":{"line":148,"column":17}},"53":{"start":{"line":155,"column":19},"end":{"line":155,"column":89}},"54":{"start":{"line":155,"column":51},"end":{"line":155,"column":88}},"55":{"start":{"line":156,"column":4},"end":{"line":156,"column":50}},"56":{"start":{"line":158,"column":4},"end":{"line":158,"column":139}},"57":{"start":{"line":158,"column":42},"end":{"line":158,"column":137}},"58":{"start":{"line":9,"column":13},"end":{"line":9,"column":23}},"59":{"start":{"line":9,"column":13},"end":{"line":160,"column":null}}},"fnMap":{"0":{"name":"(anonymous_2)","decl":{"start":{"line":10,"column":2},"end":{"line":10,"column":null}},"loc":{"start":{"line":12,"column":49},"end":{"line":13,"column":6}}},"1":{"name":"(anonymous_3)","decl":{"start":{"line":15,"column":2},"end":{"line":15,"column":7}},"loc":{"start":{"line":15,"column":19},"end":{"line":159,"column":3}}},"2":{"name":"(anonymous_4)","decl":{"start":{"line":19,"column":26},"end":{"line":19,"column":31}},"loc":{"start":{"line":19,"column":61},"end":{"line":54,"column":11}}},"3":{"name":"(anonymous_5)","decl":{"start":{"line":56,"column":26},"end":{"line":56,"column":31}},"loc":{"start":{"line":56,"column":61},"end":{"line":79,"column":11}}},"4":{"name":"(anonymous_6)","decl":{"start":{"line":80,"column":15},"end":{"line":80,"column":20}},"loc":{"start":{"line":80,"column":50},"end":{"line":103,"column":11}}},"5":{"name":"(anonymous_7)","decl":{"start":{"line":104,"column":26},"end":{"line":104,"column":31}},"loc":{"start":{"line":104,"column":61},"end":{"line":126,"column":11}}},"6":{"name":"(anonymous_8)","decl":{"start":{"line":127,"column":24},"end":{"line":127,"column":29}},"loc":{"start":{"line":127,"column":59},"end":{"line":150,"column":11}}},"7":{"name":"(anonymous_9)","decl":{"start":{"line":155,"column":37},"end":{"line":155,"column":38}},"loc":{"start":{"line":155,"column":51},"end":{"line":155,"column":88}}},"8":{"name":"(anonymous_10)","decl":{"start":{"line":158,"column":36},"end":{"line":158,"column":39}},"loc":{"start":{"line":158,"column":42},"end":{"line":158,"column":137}}}},"branchMap":{"0":{"loc":{"start":{"line":23,"column":14},"end":{"line":25,"column":15}},"type":"if","locations":[{"start":{"line":23,"column":14},"end":{"line":25,"column":15}}]},"1":{"loc":{"start":{"line":34,"column":14},"end":{"line":36,"column":15}},"type":"if","locations":[{"start":{"line":34,"column":14},"end":{"line":36,"column":15}}]},"2":{"loc":{"start":{"line":61,"column":14},"end":{"line":63,"column":15}},"type":"if","locations":[{"start":{"line":61,"column":14},"end":{"line":63,"column":15}}]},"3":{"loc":{"start":{"line":85,"column":14},"end":{"line":87,"column":15}},"type":"if","locations":[{"start":{"line":85,"column":14},"end":{"line":87,"column":15}}]},"4":{"loc":{"start":{"line":109,"column":14},"end":{"line":111,"column":15}},"type":"if","locations":[{"start":{"line":109,"column":14},"end":{"line":111,"column":15}}]},"5":{"loc":{"start":{"line":132,"column":14},"end":{"line":134,"column":15}},"type":"if","locations":[{"start":{"line":132,"column":14},"end":{"line":134,"column":15}}]}},"s":{"0":0,"1":0,"2":0,"3":0,"4":0,"5":0,"6":0,"7":0,"8":0,"9":0,"10":0,"11":0,"12":0,"13":0,"14":0,"15":0,"16":0,"17":0,"18":0,"19":0,"20":0,"21":0,"22":0,"23":0,"24":0,"25":0,"26":0,"27":0,"28":0,"29":0,"30":0,"31":0,"32":0,"33":0,"34":0,"35":0,"36":0,"37":0,"38":0,"39":0,"40":0,"41":0,"42":0,"43":0,"44":0,"45":0,"46":0,"47":0,"48":0,"49":0,"50":0,"51":0,"52":0,"53":0,"54":0,"55":0,"56":0,"57":0,"58":0,"59":0},"f":{"0":0,"1":0,"2":0,"3":0,"4":0,"5":0,"6":0,"7":0,"8":0},"b":{"0":[0],"1":[0],"2":[0],"3":[0],"4":[0],"5":[0]}}
,"/Users/josemieles/Documents/BackendWallet/wallet/soap-wallet/src/soap/soap.wsdl.ts": {"path":"/Users/josemieles/Documents/BackendWallet/wallet/soap-wallet/src/soap/soap.wsdl.ts","statementMap":{"0":{"start":{"line":1,"column":13},"end":{"line":161,"column":2}}},"fnMap":{},"branchMap":{},"s":{"0":0},"f":{},"b":{}}
}
