TN:
SF:src/app.module.ts
FNF:0
FNH:0
DA:1,0
DA:2,0
DA:3,0
DA:4,0
DA:5,0
DA:6,0
DA:7,0
DA:8,0
DA:21,0
LF:9
LH:0
BRDA:12,0,0,0
BRDA:12,0,1,0
BRF:2
BRH:0
end_of_record
TN:
SF:src/main.ts
FN:5,bootstrap
FNF:1
FNH:0
FNDA:0,bootstrap
DA:1,0
DA:2,0
DA:3,0
DA:6,0
DA:7,0
DA:8,0
DA:11,0
LF:7
LH:0
BRF:0
BRH:0
end_of_record
TN:
SF:src/config/database.config.ts
FNF:0
FNH:0
DA:1,0
DA:2,0
DA:4,0
DA:6,0
LF:4
LH:0
BRDA:6,0,0,0
BRDA:6,0,1,0
BRF:2
BRH:0
end_of_record
TN:
SF:src/controllers/client.controller.ts
FN:6,(anonymous_2)
FN:8,(anonymous_3)
FNF:2
FNH:0
FNDA:0,(anonymous_2)
FNDA:0,(anonymous_3)
DA:1,0
DA:2,0
DA:5,0
DA:6,0
DA:9,0
LF:5
LH:0
BRF:0
BRH:0
end_of_record
TN:
SF:src/controllers/wallet.controller.ts
FN:6,(anonymous_2)
FN:8,(anonymous_3)
FN:12,(anonymous_4)
FNF:3
FNH:0
FNDA:0,(anonymous_2)
FNDA:0,(anonymous_3)
FNDA:0,(anonymous_4)
DA:1,0
DA:2,0
DA:5,0
DA:6,0
DA:9,0
DA:13,0
LF:6
LH:0
BRF:0
BRH:0
end_of_record
TN:
SF:src/models/client.model.ts
FNF:0
FNH:0
DA:1,3
DA:2,3
DA:5,3
DA:7,3
DA:10,3
DA:13,3
DA:16,3
DA:19,3
DA:22,3
DA:25,3
DA:28,3
LF:11
LH:11
BRF:0
BRH:0
end_of_record
TN:
SF:src/models/wallet.model.ts
FNF:0
FNH:0
DA:1,2
DA:2,2
DA:5,2
DA:7,2
DA:10,2
DA:14,2
LF:6
LH:6
BRF:0
BRH:0
end_of_record
TN:
SF:src/modules/client.module.ts
FNF:0
FNH:0
DA:1,0
DA:2,0
DA:3,0
DA:4,0
DA:5,0
DA:6,0
DA:16,0
LF:7
LH:0
BRF:0
BRH:0
end_of_record
TN:
SF:src/modules/wallet.module.ts
FNF:0
FNH:0
DA:1,0
DA:2,0
DA:3,0
DA:4,0
DA:5,0
DA:6,0
DA:7,0
DA:18,0
LF:8
LH:0
BRF:0
BRH:0
end_of_record
TN:
SF:src/repositories/client.repository.ts
FN:8,(anonymous_4)
FN:10,(anonymous_5)
FN:14,(anonymous_6)
FN:18,(anonymous_7)
FN:22,(anonymous_8)
FN:26,(anonymous_9)
FN:30,(anonymous_10)
FN:40,(anonymous_11)
FNF:8
FNH:8
FNDA:7,(anonymous_4)
FNDA:1,(anonymous_5)
FNDA:1,(anonymous_6)
FNDA:1,(anonymous_7)
FNDA:1,(anonymous_8)
FNDA:1,(anonymous_9)
FNDA:1,(anonymous_10)
FNDA:1,(anonymous_11)
DA:1,3
DA:2,3
DA:3,3
DA:4,3
DA:7,3
DA:8,7
DA:11,1
DA:15,1
DA:19,1
DA:23,1
DA:27,1
DA:31,1
DA:41,1
LF:13
LH:13
BRDA:31,0,0,1
BRDA:31,0,1,0
BRF:2
BRH:1
end_of_record
TN:
SF:src/repositories/wallet.repository.ts
FN:8,(anonymous_4)
FN:10,(anonymous_5)
FN:14,(anonymous_6)
FN:25,(anonymous_7)
FNF:4
FNH:4
FNDA:3,(anonymous_4)
FNDA:1,(anonymous_5)
FNDA:1,(anonymous_6)
FNDA:1,(anonymous_7)
DA:1,2
DA:2,2
DA:3,2
DA:4,2
DA:7,2
DA:8,3
DA:11,1
DA:15,1
DA:16,1
DA:17,1
DA:18,1
DA:19,0
DA:22,1
DA:26,1
LF:14
LH:13
BRDA:18,0,0,0
BRF:1
BRH:0
end_of_record
TN:
SF:src/services/client.service.ts
FN:6,(anonymous_2)
FN:8,(anonymous_3)
FNF:2
FNH:2
FNDA:2,(anonymous_2)
FNDA:2,(anonymous_3)
DA:1,1
DA:2,1
DA:5,1
DA:6,2
DA:9,2
DA:10,0
DA:17,2
DA:18,2
DA:19,1
DA:26,1
DA:27,1
DA:28,0
DA:35,1
DA:36,1
DA:37,0
DA:44,1
DA:46,1
DA:53,1
LF:18
LH:15
BRDA:9,0,0,0
BRDA:9,1,0,2
BRDA:9,1,1,2
BRDA:9,1,2,2
BRDA:9,1,3,2
BRDA:18,2,0,1
BRDA:27,3,0,0
BRDA:36,4,0,0
BRF:8
BRH:5
end_of_record
TN:
SF:src/services/wallet.service.ts
FN:10,(anonymous_2)
FN:14,(anonymous_3)
FN:34,(anonymous_4)
FN:55,(anonymous_5)
FN:93,(anonymous_6)
FN:109,(anonymous_7)
FN:134,(anonymous_8)
FNF:7
FNH:7
FNDA:10,(anonymous_2)
FNDA:2,(anonymous_3)
FNDA:2,(anonymous_4)
FNDA:2,(anonymous_5)
FNDA:1,(anonymous_6)
FNDA:2,(anonymous_7)
FNDA:2,(anonymous_8)
DA:1,1
DA:2,1
DA:3,1
DA:4,1
DA:5,1
DA:6,1
DA:9,1
DA:11,10
DA:15,2
DA:17,2
DA:18,2
DA:19,1
DA:22,1
DA:23,1
DA:35,2
DA:36,2
DA:38,2
DA:39,1
DA:42,1
DA:43,1
DA:45,1
DA:56,2
DA:58,2
DA:59,0
DA:62,2
DA:64,2
DA:65,1
DA:68,1
DA:69,1
DA:71,1
DA:73,1
DA:74,1
DA:86,1
DA:93,1
DA:94,1
DA:95,0
DA:97,1
DA:101,1
DA:111,2
DA:113,2
DA:114,0
DA:116,2
DA:118,2
DA:119,1
DA:122,1
DA:124,1
DA:126,1
DA:135,2
DA:137,2
DA:138,1
DA:141,1
DA:143,1
DA:144,0
DA:147,1
LF:54
LH:50
BRDA:18,0,0,1
BRDA:38,1,0,1
BRDA:38,2,0,2
BRDA:38,2,1,1
BRDA:58,3,0,0
BRDA:58,4,0,2
BRDA:58,4,1,2
BRDA:64,5,0,1
BRDA:64,6,0,2
BRDA:64,6,1,2
BRDA:94,7,0,0
BRDA:94,7,1,1
BRDA:113,8,0,0
BRDA:118,9,0,1
BRDA:137,10,0,1
BRDA:137,11,0,2
BRDA:137,11,1,1
BRDA:143,12,0,0
BRF:18
BRH:14
end_of_record
TN:
SF:src/soap/soap.server.ts
FN:10,(anonymous_2)
FN:15,(anonymous_3)
FN:19,(anonymous_4)
FN:56,(anonymous_5)
FN:80,(anonymous_6)
FN:104,(anonymous_7)
FN:127,(anonymous_8)
FN:155,(anonymous_9)
FN:158,(anonymous_10)
FNF:9
FNH:0
FNDA:0,(anonymous_2)
FNDA:0,(anonymous_3)
FNDA:0,(anonymous_4)
FNDA:0,(anonymous_5)
FNDA:0,(anonymous_6)
FNDA:0,(anonymous_7)
FNDA:0,(anonymous_8)
FNDA:0,(anonymous_9)
FNDA:0,(anonymous_10)
DA:1,0
DA:2,0
DA:3,0
DA:4,0
DA:5,0
DA:6,0
DA:9,0
DA:11,0
DA:12,0
DA:16,0
DA:20,0
DA:21,0
DA:23,0
DA:24,0
DA:27,0
DA:29,0
DA:34,0
DA:35,0
DA:38,0
DA:47,0
DA:48,0
DA:57,0
DA:58,0
DA:59,0
DA:61,0
DA:62,0
DA:65,0
DA:72,0
DA:73,0
DA:81,0
DA:82,0
DA:83,0
DA:85,0
DA:86,0
DA:89,0
DA:96,0
DA:97,0
DA:105,0
DA:106,0
DA:107,0
DA:109,0
DA:110,0
DA:113,0
DA:119,0
DA:120,0
DA:128,0
DA:129,0
DA:130,0
DA:132,0
DA:133,0
DA:136,0
DA:143,0
DA:144,0
DA:155,0
DA:156,0
DA:158,0
LF:56
LH:0
BRDA:23,0,0,0
BRDA:34,1,0,0
BRDA:61,2,0,0
BRDA:85,3,0,0
BRDA:109,4,0,0
BRDA:132,5,0,0
BRF:6
BRH:0
end_of_record
TN:
SF:src/soap/soap.wsdl.ts
FNF:0
FNH:0
DA:1,0
LF:1
LH:0
BRF:0
BRH:0
end_of_record
